
=== Sat May 18 16:19:34 2024

Packages were changed.
Update Mode: updateDependencies

The following packages were added:
  com.unity.ai.navigation@1.1.5
The following packages were updated:
  com.unity.collab-proxy from version 1.17.7 to 2.2.0
  com.unity.feature.2d from version 1.0.0 to 2.0.0
  com.unity.ide.rider from version 3.0.17 to 3.0.27
  com.unity.ide.visualstudio from version 2.0.17 to 2.0.22
  com.unity.render-pipelines.universal from version 12.1.8 to 14.0.10
  com.unity.timeline from version 1.7.2 to 1.7.6
  com.unity.visualscripting from version 1.8.0 to 1.9.1

=== Sat May 25 02:40:02 2024

Packages were changed.
Update Mode: updateDependencies

The following packages were added:
  com.unity.ai.navigation@1.1.5
The following packages were updated:
  com.unity.collab-proxy from version 1.17.7 to 2.2.0
  com.unity.feature.2d from version 1.0.0 to 2.0.0
  com.unity.ide.rider from version 3.0.17 to 3.0.27
  com.unity.ide.visualstudio from version 2.0.17 to 2.0.22
  com.unity.render-pipelines.universal from version 12.1.8 to 14.0.10
  com.unity.timeline from version 1.7.2 to 1.7.6
  com.unity.visualscripting from version 1.8.0 to 1.9.1
